
> altayef-webapps@0.1.0 build
> next build

▲ Next.js 16.1.1 (Turbopack)
- Environments: .env.local

⚠ The "middleware" file convention is deprecated. Please use "proxy" instead. Learn more: https://nextjs.org/docs/messages/middleware-to-proxy
  Creating an optimized production build ...
✓ Compiled successfully in 4.3s
  Running TypeScript ...
Failed to compile.

./app/admin/verify-license/form.tsx:58:64
Type error: Type 'string | null | undefined' is not assignable to type 'string | number | readonly string[] | undefined'.
  Type 'null' is not assignable to type 'string | number | readonly string[] | undefined'.

[0m [90m 56 |[39m                         [33m<[39m[33mdiv[39m[33m>[39m
 [90m 57 |[39m                             [33m<[39m[33mlabel[39m className[33m=[39m[32m"block text-sm font-medium text-gray-700"[39m[33m>[39m[33mWhatsApp[39m ([33mOptional[39m)[33m<[39m[33m/[39m[33mlabel[39m[33m>[39m
[31m[1m>[22m[39m[90m 58 |[39m                             [33m<[39m[33minput[39m name[33m=[39m[32m"whatsapp"[39m type[33m=[39m[32m"text"[39m defaultValue[33m=[39m{license[33m.[39mwhatsapp} className[33m=[39m[32m"mt-1 block w-full border border-gray-300 rounded md p-2"[39m [33m/[39m[33m>[39m
 [90m    |[39m                                                                [31m[1m^[22m[39m
 [90m 59 |[39m                         [33m<[39m[33m/[39m[33mdiv[39m[33m>[39m
 [90m 60 |[39m                         [33m<[39m[33mdiv[39m[33m>[39m
 [90m 61 |[39m                             [33m<[39m[33mlabel[39m className[33m=[39m[32m"block text-sm font-medium text-gray-700"[39m[33m>[39m[33mEmail[39m ([33mOptional[39m)[33m<[39m[33m/[39m[33mlabel[39m[33m>[39m[0m
Next.js build worker exited with code: 1 and signal: null
